Command: vcs -f ./rtl.f ./src/strobe.sv -fsim=dut:test.DUT -kdb -lca -fsim=portfaults \
-debug_access -sverilog -full64 -l comp_v.log
                         Chronologic VCS (TM)
        Version X-2025.06-1_Full64 -- Tue Feb 24 02:54:12 2026

                    Copyright (c) 1991 - 2025 Synopsys, Inc.
   This software and the associated documentation are proprietary to Synopsys,
 Inc. This software may only be used in accordance with the terms and conditions
 of a written license agreement with Synopsys, Inc. All other use, reproduction,
   or distribution of this software is strictly prohibited.  Licensed Products
     communicate with Synopsys servers for the purpose of providing software
    updates, detecting software piracy and verifying that customers are using
    Licensed Products in conformity with the applicable License Key for such
  Licensed Products. Synopsys will use information gathered in connection with
    this process to deliver software updates and pursue software pirates and
                                   infringers.

 Inclusivity & Diversity - Visit SolvNetPlus to read the "Synopsys Statement on
            Inclusivity and Diversity" (Refer to article 000036315 at
                        https://solvnetplus.synopsys.com)


Warning-[LCA_FEATURES_ENABLED] Usage warning
  LCA features enabled by '-lca' argument on the command line.  For more 
  information regarding list of LCA features please refer to Chapter "LCA 
  features" in the VCS Release Notes

Parsing design file 'src/fifo_tb.v'
Parsing included file './testcases/test1.v'.
Back to file 'src/fifo_tb.v'.
Parsing included file './testcases/test2.v'.
Back to file 'src/fifo_tb.v'.
Parsing design file 'src/fifo_sm.v'
Parsing design file 'src/8BIT_ECC.v'
Parsing design file 'src/sdpram.v'
Parsing design file './src/strobe.sv'
Top Level Modules:
       test
       strobe
TimeScale is 1 ns / 1 ns
Starting vcs inline pass...
9 modules and 0 UDP read.
recompiling module test
recompiling module FIFO
recompiling module FLAGS
recompiling module COUNTER
recompiling module ECC_8BIT_ENC
recompiling module ECC_8BIT_DEC
recompiling module SDPRAM_TOP
recompiling module SDPRAM
recompiling module strobe
All of 9 modules done
make[1]: Entering directory '/home/dhanas01/test_fifo_demo/csrc'
rm -f _cuarc*.so _csrc*.so pre_vcsobj_*.so share_vcsobj_*.so
if [ -x ../simv ]; then chmod a-x ../simv; fi
g++  -o ../simv      -rdynamic  -Wl,-rpath='$ORIGIN'/simv.daidir -Wl,-rpath=./simv.daidir \
-Wl,-rpath=/arm/tools/synopsys/vcs/2025.06-1/linux64/lib -L/arm/tools/synopsys/vcs/2025.06-1/linux64/lib \
-Wl,-rpath-link=./   objs/amcQw_d.o   _1362708_archive_1.so   SIM_l.o       rmapats_mop.o \
rmapats.o rmar.o             -lnuma -lvirsim -lerrorinf -lsnpsmalloc -lvfs      -lvgfsim \
-lvcsnew -ldistsimclient -lsimprofile -luclinative /arm/tools/synopsys/vcs/2025.06-1/linux64/lib/vcs_tls.o \
-Wl,-whole-archive  -lvcsucli    -Wl,-no-whole-archive        _vcs_pli_stub_.o   \
/arm/tools/synopsys/vcs/2025.06-1/linux64/lib/vcs_save_restore_new.o /arm/tools/synopsys/verdi3/2025.06-1/share/PLI/VCS/LINUX64/pli.a \
-ldl  -lc -lm -lpthread -ldl 
../simv up to date
make[1]: Leaving directory '/home/dhanas01/test_fifo_demo/csrc'
CPU time: .758 seconds to compile + .260 seconds to elab + .596 seconds to link
Verdi KDB elaboration done and the database successfully generated
